<?xml version="1.0" encoding="UTF-8"?>
<!-- Generated by org.testng.reporters.JUnitReportReporter -->
<testsuite skipped="0" hostname="SUNIS" name="com.xforce.utilities.Config" tests="1" failures="0" timestamp="28 Mar 2019 03:52:41 GMT" time="0.037" errors="0">
  <testcase name="conFileRead" time="0.037" classname="com.xforce.utilities.Config"/>
</testsuite> <!-- com.xforce.utilities.Config -->
