<?xml version="1.0" encoding="UTF-8"?>
<!-- Generated by org.testng.reporters.JUnitReportReporter -->
<testsuite skipped="0" hostname="SUNIS" name="com.xforce.utilities.ExcelUtils22" tests="1" failures="0" timestamp="28 Mar 2019 06:03:22 GMT" time="0.945" errors="0">
  <testcase name="readExcelData" time="0.945" classname="com.xforce.utilities.ExcelUtils22"/>
</testsuite> <!-- com.xforce.utilities.ExcelUtils22 -->
