<?xml version="1.0" encoding="UTF-8"?>
<!-- Generated by org.testng.reporters.JUnitReportReporter -->
<testsuite skipped="0" hostname="SUNIS" name="com.xforce.testscripts.WithDrawTest" tests="3" failures="0" timestamp="29 Mar 2019 09:53:21 GMT" time="48.518" errors="0">
  <testcase name="withDrawEleTest" time="16.728" classname="com.xforce.testscripts.WithDrawTest"/>
  <testcase name="withDrawEleTest" time="15.480" classname="com.xforce.testscripts.WithDrawTest"/>
  <testcase name="withDrawEleTest" time="16.310" classname="com.xforce.testscripts.WithDrawTest"/>
</testsuite> <!-- com.xforce.testscripts.WithDrawTest -->
