<?xml version="1.0" encoding="UTF-8"?>
<!-- Generated by org.testng.reporters.JUnitReportReporter -->
<testsuite skipped="0" hostname="SUNIS" name="testing_purpose.SamplePage" tests="10" failures="0" timestamp="27 Mar 2019 14:03:21 GMT" time="86.903" errors="0">
  <testcase name="login" time="8.094" classname="testing_purpose.SamplePage"/>
  <testcase name="login" time="8.313" classname="testing_purpose.SamplePage"/>
  <testcase name="login" time="9.023" classname="testing_purpose.SamplePage"/>
  <testcase name="login" time="8.327" classname="testing_purpose.SamplePage"/>
  <testcase name="login" time="8.326" classname="testing_purpose.SamplePage"/>
  <testcase name="login" time="8.077" classname="testing_purpose.SamplePage"/>
  <testcase name="login" time="11.842" classname="testing_purpose.SamplePage"/>
  <testcase name="login" time="8.167" classname="testing_purpose.SamplePage"/>
  <testcase name="login" time="9.012" classname="testing_purpose.SamplePage"/>
  <testcase name="login" time="7.722" classname="testing_purpose.SamplePage"/>
</testsuite> <!-- testing_purpose.SamplePage -->
