<?xml version="1.0" encoding="UTF-8"?>
<!-- Generated by org.testng.reporters.JUnitReportReporter -->
<testsuite skipped="0" hostname="SUNIS" name="com.xforce.utilities.ExcelUtils" tests="1" failures="0" timestamp="27 Mar 2019 13:00:42 GMT" time="0.921" errors="0">
  <testcase name="readRows" time="0.921" classname="com.xforce.utilities.ExcelUtils"/>
</testsuite> <!-- com.xforce.utilities.ExcelUtils -->
