<?xml version="1.0" encoding="UTF-8"?>
<!-- Generated by org.testng.reporters.JUnitReportReporter -->
<testsuite skipped="0" hostname="SUNIS" name="com.xforce.common.Reuse" tests="1" failures="0" timestamp="29 Mar 2019 05:46:06 GMT" time="16.288" errors="0">
  <testcase name="login" time="16.288" classname="com.xforce.common.Reuse"/>
</testsuite> <!-- com.xforce.common.Reuse -->
