<?xml version="1.0" encoding="UTF-8"?>
<!-- Generated by org.testng.reporters.JUnitReportReporter -->
<testsuite skipped="0" hostname="SUNIS" name="com.xforce.common.ApplnStarts" tests="1" failures="0" timestamp="28 Mar 2019 10:52:56 GMT" time="4.012" errors="0">
  <testcase name="browserInt" time="4.012" classname="com.xforce.common.ApplnStarts"/>
</testsuite> <!-- com.xforce.common.ApplnStarts -->
