<?xml version="1.0" encoding="UTF-8"?>
<!-- Generated by org.testng.reporters.JUnitReportReporter -->
<testsuite skipped="0" hostname="SUNIS" name="com.xforce.testscripts.LoginTest" tests="2" failures="0" timestamp="01 Apr 2019 14:35:19 GMT" time="47.182" errors="0">
  <testcase name="resetButtonTest" time="29.471" classname="com.xforce.testscripts.LoginTest"/>
  <testcase name="loginTestOp" time="17.711" classname="com.xforce.testscripts.LoginTest"/>
</testsuite> <!-- com.xforce.testscripts.LoginTest -->
