<?xml version="1.0" encoding="UTF-8"?>
<!-- Generated by org.testng.reporters.JUnitReportReporter -->
<testsuite skipped="0" hostname="SUNIS" name="com.xforce.testscripts.WithDrawTest" tests="3" failures="0" timestamp="01 Apr 2019 14:35:19 GMT" time="85.855" errors="0">
  <testcase name="withDrawEleTest" time="30.012" classname="com.xforce.testscripts.WithDrawTest"/>
  <testcase name="withDrawEleTest" time="28.936" classname="com.xforce.testscripts.WithDrawTest"/>
  <testcase name="withDrawEleTest" time="26.907" classname="com.xforce.testscripts.WithDrawTest"/>
</testsuite> <!-- com.xforce.testscripts.WithDrawTest -->
